<?xml version="1.0" encoding="UTF-8"?>
<!-- Generated by org.testng.reporters.JUnitReportReporter -->
<testsuite skipped="0" hostname="SunnyRaj" name="com.pageObject.LoginPage" tests="1" failures="0" timestamp="11 Aug 2018 07:13:52 GMT" time="22.020" errors="0">
  <testcase name="test" time="22.020" classname="com.pageObject.LoginPage"/>
</testsuite> <!-- com.pageObject.LoginPage -->
